[2025-05-19 04:06:24,021] {{taskinstance.py:655}} INFO - Dependencies all met for <TaskInstance: dag_diabetes_prediction.check_directories 2025-05-18T00:00:00+00:00 [queued]>
[2025-05-19 04:06:24,040] {{taskinstance.py:655}} INFO - Dependencies all met for <TaskInstance: dag_diabetes_prediction.check_directories 2025-05-18T00:00:00+00:00 [queued]>
[2025-05-19 04:06:24,040] {{taskinstance.py:866}} INFO - 
--------------------------------------------------------------------------------
[2025-05-19 04:06:24,040] {{taskinstance.py:867}} INFO - Starting attempt 1 of 3
[2025-05-19 04:06:24,041] {{taskinstance.py:868}} INFO - 
--------------------------------------------------------------------------------
[2025-05-19 04:06:24,079] {{taskinstance.py:887}} INFO - Executing <Task(BashOperator): check_directories> on 2025-05-18T00:00:00+00:00
[2025-05-19 04:06:24,084] {{standard_task_runner.py:53}} INFO - Started process 122 to run task
[2025-05-19 04:06:24,192] {{logging_mixin.py:112}} INFO - Running %s on host %s <TaskInstance: dag_diabetes_prediction.check_directories 2025-05-18T00:00:00+00:00 [running]> 0c14ac55bb9c
[2025-05-19 04:06:24,203] {{bash_operator.py:82}} INFO - Tmp dir root location: 
 /tmp
[2025-05-19 04:06:24,204] {{bash_operator.py:105}} INFO - Temporary script location: /tmp/airflowtmpyi8qxbt2/check_directoriesopv5us6i
[2025-05-19 04:06:24,205] {{bash_operator.py:115}} INFO - Running command: mkdir -p /data/bronze /data/silver /data/gold /data/logs
[2025-05-19 04:06:24,212] {{bash_operator.py:122}} INFO - Output:
[2025-05-19 04:06:24,225] {{bash_operator.py:126}} INFO - mkdir: cannot create directory ‘/data’: Permission denied
[2025-05-19 04:06:24,226] {{bash_operator.py:126}} INFO - mkdir: cannot create directory ‘/data’: Permission denied
[2025-05-19 04:06:24,226] {{bash_operator.py:126}} INFO - mkdir: cannot create directory ‘/data’: Permission denied
[2025-05-19 04:06:24,226] {{bash_operator.py:126}} INFO - mkdir: cannot create directory ‘/data’: Permission denied
[2025-05-19 04:06:24,227] {{bash_operator.py:130}} INFO - Command exited with return code 1
[2025-05-19 04:06:24,232] {{taskinstance.py:1128}} ERROR - Bash command failed
Traceback (most recent call last):
  File "/usr/local/lib/python3.7/site-packages/airflow/models/taskinstance.py", line 966, in _run_raw_task
    result = task_copy.execute(context=context)
  File "/usr/local/lib/python3.7/site-packages/airflow/operators/bash_operator.py", line 134, in execute
    raise AirflowException("Bash command failed")
airflow.exceptions.AirflowException: Bash command failed
[2025-05-19 04:06:24,236] {{taskinstance.py:1151}} INFO - Marking task as UP_FOR_RETRY
[2025-05-19 04:06:33,998] {{logging_mixin.py:112}} INFO - [2025-05-19 04:06:33,997] {{local_task_job.py:103}} INFO - Task exited with return code 1
