[2025-05-21 07:04:35,268] {{scheduler_job.py:153}} INFO - Started process (PID=72) to work on /usr/local/airflow/dags/dag_diabetes.py
[2025-05-21 07:04:35,275] {{scheduler_job.py:1560}} INFO - Processing file /usr/local/airflow/dags/dag_diabetes.py for tasks to queue
[2025-05-21 07:04:35,276] {{logging_mixin.py:112}} INFO - [2025-05-21 07:04:35,276] {{dagbag.py:403}} INFO - Filling up the DagBag from /usr/local/airflow/dags/dag_diabetes.py
[2025-05-21 07:04:35,292] {{scheduler_job.py:1572}} INFO - DAG(s) dict_keys(['dag_diabetes_prediction']) retrieved from /usr/local/airflow/dags/dag_diabetes.py
[2025-05-21 07:04:35,328] {{scheduler_job.py:161}} INFO - Processing /usr/local/airflow/dags/dag_diabetes.py took 0.060 seconds
[2025-05-21 07:05:23,320] {{scheduler_job.py:153}} INFO - Started process (PID=100) to work on /usr/local/airflow/dags/dag_diabetes.py
[2025-05-21 07:05:23,323] {{scheduler_job.py:1560}} INFO - Processing file /usr/local/airflow/dags/dag_diabetes.py for tasks to queue
[2025-05-21 07:05:23,323] {{logging_mixin.py:112}} INFO - [2025-05-21 07:05:23,323] {{dagbag.py:403}} INFO - Filling up the DagBag from /usr/local/airflow/dags/dag_diabetes.py
[2025-05-21 07:05:23,333] {{scheduler_job.py:1572}} INFO - DAG(s) dict_keys(['dag_diabetes_prediction']) retrieved from /usr/local/airflow/dags/dag_diabetes.py
[2025-05-21 07:05:23,373] {{scheduler_job.py:161}} INFO - Processing /usr/local/airflow/dags/dag_diabetes.py took 0.053 seconds
[2025-05-21 07:06:11,375] {{scheduler_job.py:153}} INFO - Started process (PID=128) to work on /usr/local/airflow/dags/dag_diabetes.py
[2025-05-21 07:06:11,380] {{scheduler_job.py:1560}} INFO - Processing file /usr/local/airflow/dags/dag_diabetes.py for tasks to queue
[2025-05-21 07:06:11,381] {{logging_mixin.py:112}} INFO - [2025-05-21 07:06:11,381] {{dagbag.py:403}} INFO - Filling up the DagBag from /usr/local/airflow/dags/dag_diabetes.py
[2025-05-21 07:06:11,408] {{scheduler_job.py:1572}} INFO - DAG(s) dict_keys(['dag_diabetes_prediction']) retrieved from /usr/local/airflow/dags/dag_diabetes.py
[2025-05-21 07:06:11,491] {{scheduler_job.py:161}} INFO - Processing /usr/local/airflow/dags/dag_diabetes.py took 0.116 seconds
[2025-05-21 07:06:59,404] {{scheduler_job.py:153}} INFO - Started process (PID=160) to work on /usr/local/airflow/dags/dag_diabetes.py
[2025-05-21 07:06:59,407] {{scheduler_job.py:1560}} INFO - Processing file /usr/local/airflow/dags/dag_diabetes.py for tasks to queue
[2025-05-21 07:06:59,408] {{logging_mixin.py:112}} INFO - [2025-05-21 07:06:59,408] {{dagbag.py:403}} INFO - Filling up the DagBag from /usr/local/airflow/dags/dag_diabetes.py
[2025-05-21 07:06:59,423] {{scheduler_job.py:1572}} INFO - DAG(s) dict_keys(['dag_diabetes_prediction']) retrieved from /usr/local/airflow/dags/dag_diabetes.py
[2025-05-21 07:06:59,462] {{scheduler_job.py:161}} INFO - Processing /usr/local/airflow/dags/dag_diabetes.py took 0.059 seconds
[2025-05-21 07:07:47,472] {{scheduler_job.py:153}} INFO - Started process (PID=188) to work on /usr/local/airflow/dags/dag_diabetes.py
[2025-05-21 07:07:47,480] {{scheduler_job.py:1560}} INFO - Processing file /usr/local/airflow/dags/dag_diabetes.py for tasks to queue
[2025-05-21 07:07:47,481] {{logging_mixin.py:112}} INFO - [2025-05-21 07:07:47,481] {{dagbag.py:403}} INFO - Filling up the DagBag from /usr/local/airflow/dags/dag_diabetes.py
[2025-05-21 07:07:47,500] {{scheduler_job.py:1572}} INFO - DAG(s) dict_keys(['dag_diabetes_prediction']) retrieved from /usr/local/airflow/dags/dag_diabetes.py
[2025-05-21 07:07:47,542] {{scheduler_job.py:161}} INFO - Processing /usr/local/airflow/dags/dag_diabetes.py took 0.070 seconds
[2025-05-21 07:08:35,530] {{scheduler_job.py:153}} INFO - Started process (PID=220) to work on /usr/local/airflow/dags/dag_diabetes.py
[2025-05-21 07:08:35,538] {{scheduler_job.py:1560}} INFO - Processing file /usr/local/airflow/dags/dag_diabetes.py for tasks to queue
[2025-05-21 07:08:35,538] {{logging_mixin.py:112}} INFO - [2025-05-21 07:08:35,538] {{dagbag.py:403}} INFO - Filling up the DagBag from /usr/local/airflow/dags/dag_diabetes.py
[2025-05-21 07:08:35,564] {{scheduler_job.py:1572}} INFO - DAG(s) dict_keys(['dag_diabetes_prediction']) retrieved from /usr/local/airflow/dags/dag_diabetes.py
[2025-05-21 07:08:35,616] {{scheduler_job.py:161}} INFO - Processing /usr/local/airflow/dags/dag_diabetes.py took 0.087 seconds
[2025-05-21 07:09:23,559] {{scheduler_job.py:153}} INFO - Started process (PID=248) to work on /usr/local/airflow/dags/dag_diabetes.py
[2025-05-21 07:09:23,563] {{scheduler_job.py:1560}} INFO - Processing file /usr/local/airflow/dags/dag_diabetes.py for tasks to queue
[2025-05-21 07:09:23,563] {{logging_mixin.py:112}} INFO - [2025-05-21 07:09:23,563] {{dagbag.py:403}} INFO - Filling up the DagBag from /usr/local/airflow/dags/dag_diabetes.py
[2025-05-21 07:09:23,574] {{scheduler_job.py:1572}} INFO - DAG(s) dict_keys(['dag_diabetes_prediction']) retrieved from /usr/local/airflow/dags/dag_diabetes.py
[2025-05-21 07:09:23,618] {{scheduler_job.py:161}} INFO - Processing /usr/local/airflow/dags/dag_diabetes.py took 0.059 seconds
[2025-05-21 07:10:11,604] {{scheduler_job.py:153}} INFO - Started process (PID=280) to work on /usr/local/airflow/dags/dag_diabetes.py
[2025-05-21 07:10:11,608] {{scheduler_job.py:1560}} INFO - Processing file /usr/local/airflow/dags/dag_diabetes.py for tasks to queue
[2025-05-21 07:10:11,609] {{logging_mixin.py:112}} INFO - [2025-05-21 07:10:11,609] {{dagbag.py:403}} INFO - Filling up the DagBag from /usr/local/airflow/dags/dag_diabetes.py
[2025-05-21 07:10:11,624] {{scheduler_job.py:1572}} INFO - DAG(s) dict_keys(['dag_diabetes_prediction']) retrieved from /usr/local/airflow/dags/dag_diabetes.py
[2025-05-21 07:10:11,662] {{scheduler_job.py:161}} INFO - Processing /usr/local/airflow/dags/dag_diabetes.py took 0.058 seconds
[2025-05-21 07:10:59,650] {{scheduler_job.py:153}} INFO - Started process (PID=308) to work on /usr/local/airflow/dags/dag_diabetes.py
[2025-05-21 07:10:59,655] {{scheduler_job.py:1560}} INFO - Processing file /usr/local/airflow/dags/dag_diabetes.py for tasks to queue
[2025-05-21 07:10:59,656] {{logging_mixin.py:112}} INFO - [2025-05-21 07:10:59,656] {{dagbag.py:403}} INFO - Filling up the DagBag from /usr/local/airflow/dags/dag_diabetes.py
[2025-05-21 07:10:59,668] {{scheduler_job.py:1572}} INFO - DAG(s) dict_keys(['dag_diabetes_prediction']) retrieved from /usr/local/airflow/dags/dag_diabetes.py
[2025-05-21 07:10:59,766] {{scheduler_job.py:161}} INFO - Processing /usr/local/airflow/dags/dag_diabetes.py took 0.116 seconds
[2025-05-21 07:11:47,688] {{scheduler_job.py:153}} INFO - Started process (PID=340) to work on /usr/local/airflow/dags/dag_diabetes.py
[2025-05-21 07:11:47,694] {{scheduler_job.py:1560}} INFO - Processing file /usr/local/airflow/dags/dag_diabetes.py for tasks to queue
[2025-05-21 07:11:47,695] {{logging_mixin.py:112}} INFO - [2025-05-21 07:11:47,694] {{dagbag.py:403}} INFO - Filling up the DagBag from /usr/local/airflow/dags/dag_diabetes.py
[2025-05-21 07:11:47,710] {{scheduler_job.py:1572}} INFO - DAG(s) dict_keys(['dag_diabetes_prediction']) retrieved from /usr/local/airflow/dags/dag_diabetes.py
[2025-05-21 07:11:47,748] {{scheduler_job.py:161}} INFO - Processing /usr/local/airflow/dags/dag_diabetes.py took 0.060 seconds
[2025-05-21 07:12:35,752] {{scheduler_job.py:153}} INFO - Started process (PID=368) to work on /usr/local/airflow/dags/dag_diabetes.py
[2025-05-21 07:12:35,769] {{scheduler_job.py:1560}} INFO - Processing file /usr/local/airflow/dags/dag_diabetes.py for tasks to queue
[2025-05-21 07:12:35,772] {{logging_mixin.py:112}} INFO - [2025-05-21 07:12:35,772] {{dagbag.py:403}} INFO - Filling up the DagBag from /usr/local/airflow/dags/dag_diabetes.py
[2025-05-21 07:12:35,795] {{scheduler_job.py:1572}} INFO - DAG(s) dict_keys(['dag_diabetes_prediction']) retrieved from /usr/local/airflow/dags/dag_diabetes.py
[2025-05-21 07:12:35,849] {{scheduler_job.py:161}} INFO - Processing /usr/local/airflow/dags/dag_diabetes.py took 0.097 seconds
[2025-05-21 07:14:56,087] {{scheduler_job.py:153}} INFO - Started process (PID=63) to work on /usr/local/airflow/dags/dag_diabetes.py
[2025-05-21 07:14:56,091] {{scheduler_job.py:1560}} INFO - Processing file /usr/local/airflow/dags/dag_diabetes.py for tasks to queue
[2025-05-21 07:14:56,092] {{logging_mixin.py:112}} INFO - [2025-05-21 07:14:56,092] {{dagbag.py:403}} INFO - Filling up the DagBag from /usr/local/airflow/dags/dag_diabetes.py
[2025-05-21 07:14:56,107] {{scheduler_job.py:1572}} INFO - DAG(s) dict_keys(['dag_diabetes_prediction']) retrieved from /usr/local/airflow/dags/dag_diabetes.py
[2025-05-21 07:14:56,163] {{scheduler_job.py:161}} INFO - Processing /usr/local/airflow/dags/dag_diabetes.py took 0.077 seconds
[2025-05-21 07:15:44,146] {{scheduler_job.py:153}} INFO - Started process (PID=95) to work on /usr/local/airflow/dags/dag_diabetes.py
[2025-05-21 07:15:44,150] {{scheduler_job.py:1560}} INFO - Processing file /usr/local/airflow/dags/dag_diabetes.py for tasks to queue
[2025-05-21 07:15:44,151] {{logging_mixin.py:112}} INFO - [2025-05-21 07:15:44,151] {{dagbag.py:403}} INFO - Filling up the DagBag from /usr/local/airflow/dags/dag_diabetes.py
[2025-05-21 07:15:44,163] {{scheduler_job.py:1572}} INFO - DAG(s) dict_keys(['dag_diabetes_prediction']) retrieved from /usr/local/airflow/dags/dag_diabetes.py
[2025-05-21 07:15:44,185] {{scheduler_job.py:161}} INFO - Processing /usr/local/airflow/dags/dag_diabetes.py took 0.039 seconds
[2025-05-21 07:16:32,182] {{scheduler_job.py:153}} INFO - Started process (PID=123) to work on /usr/local/airflow/dags/dag_diabetes.py
[2025-05-21 07:16:32,185] {{scheduler_job.py:1560}} INFO - Processing file /usr/local/airflow/dags/dag_diabetes.py for tasks to queue
[2025-05-21 07:16:32,185] {{logging_mixin.py:112}} INFO - [2025-05-21 07:16:32,185] {{dagbag.py:403}} INFO - Filling up the DagBag from /usr/local/airflow/dags/dag_diabetes.py
[2025-05-21 07:16:32,196] {{scheduler_job.py:1572}} INFO - DAG(s) dict_keys(['dag_diabetes_prediction']) retrieved from /usr/local/airflow/dags/dag_diabetes.py
[2025-05-21 07:16:32,216] {{scheduler_job.py:161}} INFO - Processing /usr/local/airflow/dags/dag_diabetes.py took 0.035 seconds
[2025-05-21 07:17:20,240] {{scheduler_job.py:153}} INFO - Started process (PID=155) to work on /usr/local/airflow/dags/dag_diabetes.py
[2025-05-21 07:17:20,243] {{scheduler_job.py:1560}} INFO - Processing file /usr/local/airflow/dags/dag_diabetes.py for tasks to queue
[2025-05-21 07:17:20,243] {{logging_mixin.py:112}} INFO - [2025-05-21 07:17:20,243] {{dagbag.py:403}} INFO - Filling up the DagBag from /usr/local/airflow/dags/dag_diabetes.py
[2025-05-21 07:17:20,254] {{scheduler_job.py:1572}} INFO - DAG(s) dict_keys(['dag_diabetes_prediction']) retrieved from /usr/local/airflow/dags/dag_diabetes.py
[2025-05-21 07:17:20,277] {{scheduler_job.py:161}} INFO - Processing /usr/local/airflow/dags/dag_diabetes.py took 0.037 seconds
[2025-05-21 07:38:33,895] {{scheduler_job.py:153}} INFO - Started process (PID=54) to work on /usr/local/airflow/dags/dag_diabetes.py
[2025-05-21 07:38:33,903] {{scheduler_job.py:1560}} INFO - Processing file /usr/local/airflow/dags/dag_diabetes.py for tasks to queue
[2025-05-21 07:38:33,904] {{logging_mixin.py:112}} INFO - [2025-05-21 07:38:33,904] {{dagbag.py:403}} INFO - Filling up the DagBag from /usr/local/airflow/dags/dag_diabetes.py
[2025-05-21 07:38:33,923] {{scheduler_job.py:1572}} INFO - DAG(s) dict_keys(['dag_diabetes_prediction']) retrieved from /usr/local/airflow/dags/dag_diabetes.py
[2025-05-21 07:38:33,971] {{scheduler_job.py:161}} INFO - Processing /usr/local/airflow/dags/dag_diabetes.py took 0.076 seconds
[2025-05-21 07:39:21,894] {{scheduler_job.py:153}} INFO - Started process (PID=82) to work on /usr/local/airflow/dags/dag_diabetes.py
[2025-05-21 07:39:21,907] {{scheduler_job.py:1560}} INFO - Processing file /usr/local/airflow/dags/dag_diabetes.py for tasks to queue
[2025-05-21 07:39:21,910] {{logging_mixin.py:112}} INFO - [2025-05-21 07:39:21,910] {{dagbag.py:403}} INFO - Filling up the DagBag from /usr/local/airflow/dags/dag_diabetes.py
[2025-05-21 07:39:21,943] {{scheduler_job.py:1572}} INFO - DAG(s) dict_keys(['dag_diabetes_prediction']) retrieved from /usr/local/airflow/dags/dag_diabetes.py
[2025-05-21 07:39:22,029] {{scheduler_job.py:161}} INFO - Processing /usr/local/airflow/dags/dag_diabetes.py took 0.135 seconds
[2025-05-21 07:41:31,014] {{scheduler_job.py:153}} INFO - Started process (PID=65) to work on /usr/local/airflow/dags/dag_diabetes.py
[2025-05-21 07:41:31,016] {{scheduler_job.py:1560}} INFO - Processing file /usr/local/airflow/dags/dag_diabetes.py for tasks to queue
[2025-05-21 07:41:31,017] {{logging_mixin.py:112}} INFO - [2025-05-21 07:41:31,017] {{dagbag.py:403}} INFO - Filling up the DagBag from /usr/local/airflow/dags/dag_diabetes.py
[2025-05-21 07:41:31,031] {{scheduler_job.py:1572}} INFO - DAG(s) dict_keys(['dag_diabetes_prediction']) retrieved from /usr/local/airflow/dags/dag_diabetes.py
[2025-05-21 07:41:31,074] {{scheduler_job.py:161}} INFO - Processing /usr/local/airflow/dags/dag_diabetes.py took 0.061 seconds
[2025-05-21 07:42:19,074] {{scheduler_job.py:153}} INFO - Started process (PID=97) to work on /usr/local/airflow/dags/dag_diabetes.py
[2025-05-21 07:42:19,077] {{scheduler_job.py:1560}} INFO - Processing file /usr/local/airflow/dags/dag_diabetes.py for tasks to queue
[2025-05-21 07:42:19,078] {{logging_mixin.py:112}} INFO - [2025-05-21 07:42:19,078] {{dagbag.py:403}} INFO - Filling up the DagBag from /usr/local/airflow/dags/dag_diabetes.py
[2025-05-21 07:42:19,089] {{scheduler_job.py:1572}} INFO - DAG(s) dict_keys(['dag_diabetes_prediction']) retrieved from /usr/local/airflow/dags/dag_diabetes.py
[2025-05-21 07:42:19,116] {{scheduler_job.py:161}} INFO - Processing /usr/local/airflow/dags/dag_diabetes.py took 0.042 seconds
[2025-05-21 07:43:07,121] {{scheduler_job.py:153}} INFO - Started process (PID=129) to work on /usr/local/airflow/dags/dag_diabetes.py
[2025-05-21 07:43:07,124] {{scheduler_job.py:1560}} INFO - Processing file /usr/local/airflow/dags/dag_diabetes.py for tasks to queue
[2025-05-21 07:43:07,125] {{logging_mixin.py:112}} INFO - [2025-05-21 07:43:07,125] {{dagbag.py:403}} INFO - Filling up the DagBag from /usr/local/airflow/dags/dag_diabetes.py
[2025-05-21 07:43:07,134] {{scheduler_job.py:1572}} INFO - DAG(s) dict_keys(['dag_diabetes_prediction']) retrieved from /usr/local/airflow/dags/dag_diabetes.py
[2025-05-21 07:43:07,156] {{scheduler_job.py:161}} INFO - Processing /usr/local/airflow/dags/dag_diabetes.py took 0.035 seconds
[2025-05-21 07:44:43,342] {{scheduler_job.py:153}} INFO - Started process (PID=54) to work on /usr/local/airflow/dags/dag_diabetes.py
[2025-05-21 07:44:43,348] {{scheduler_job.py:1560}} INFO - Processing file /usr/local/airflow/dags/dag_diabetes.py for tasks to queue
[2025-05-21 07:44:43,350] {{logging_mixin.py:112}} INFO - [2025-05-21 07:44:43,350] {{dagbag.py:403}} INFO - Filling up the DagBag from /usr/local/airflow/dags/dag_diabetes.py
[2025-05-21 07:44:43,405] {{scheduler_job.py:1572}} INFO - DAG(s) dict_keys(['dag_diabetes_prediction']) retrieved from /usr/local/airflow/dags/dag_diabetes.py
[2025-05-21 07:44:43,474] {{scheduler_job.py:161}} INFO - Processing /usr/local/airflow/dags/dag_diabetes.py took 0.132 seconds
[2025-05-21 07:45:31,908] {{scheduler_job.py:153}} INFO - Started process (PID=82) to work on /usr/local/airflow/dags/dag_diabetes.py
[2025-05-21 07:45:31,911] {{scheduler_job.py:1560}} INFO - Processing file /usr/local/airflow/dags/dag_diabetes.py for tasks to queue
[2025-05-21 07:45:31,912] {{logging_mixin.py:112}} INFO - [2025-05-21 07:45:31,912] {{dagbag.py:403}} INFO - Filling up the DagBag from /usr/local/airflow/dags/dag_diabetes.py
[2025-05-21 07:45:31,957] {{scheduler_job.py:1572}} INFO - DAG(s) dict_keys(['dag_diabetes_prediction']) retrieved from /usr/local/airflow/dags/dag_diabetes.py
[2025-05-21 07:45:31,985] {{scheduler_job.py:161}} INFO - Processing /usr/local/airflow/dags/dag_diabetes.py took 0.077 seconds
[2025-05-21 07:46:19,968] {{scheduler_job.py:153}} INFO - Started process (PID=114) to work on /usr/local/airflow/dags/dag_diabetes.py
[2025-05-21 07:46:19,974] {{scheduler_job.py:1560}} INFO - Processing file /usr/local/airflow/dags/dag_diabetes.py for tasks to queue
[2025-05-21 07:46:19,976] {{logging_mixin.py:112}} INFO - [2025-05-21 07:46:19,976] {{dagbag.py:403}} INFO - Filling up the DagBag from /usr/local/airflow/dags/dag_diabetes.py
[2025-05-21 07:46:20,001] {{scheduler_job.py:1572}} INFO - DAG(s) dict_keys(['dag_diabetes_prediction']) retrieved from /usr/local/airflow/dags/dag_diabetes.py
[2025-05-21 07:46:20,057] {{scheduler_job.py:161}} INFO - Processing /usr/local/airflow/dags/dag_diabetes.py took 0.089 seconds
[2025-05-21 07:47:08,004] {{scheduler_job.py:153}} INFO - Started process (PID=142) to work on /usr/local/airflow/dags/dag_diabetes.py
[2025-05-21 07:47:08,018] {{scheduler_job.py:1560}} INFO - Processing file /usr/local/airflow/dags/dag_diabetes.py for tasks to queue
[2025-05-21 07:47:08,019] {{logging_mixin.py:112}} INFO - [2025-05-21 07:47:08,019] {{dagbag.py:403}} INFO - Filling up the DagBag from /usr/local/airflow/dags/dag_diabetes.py
[2025-05-21 07:47:08,055] {{scheduler_job.py:1572}} INFO - DAG(s) dict_keys(['dag_diabetes_prediction']) retrieved from /usr/local/airflow/dags/dag_diabetes.py
[2025-05-21 07:47:08,130] {{scheduler_job.py:161}} INFO - Processing /usr/local/airflow/dags/dag_diabetes.py took 0.126 seconds
[2025-05-21 07:47:56,030] {{scheduler_job.py:153}} INFO - Started process (PID=174) to work on /usr/local/airflow/dags/dag_diabetes.py
[2025-05-21 07:47:56,033] {{scheduler_job.py:1560}} INFO - Processing file /usr/local/airflow/dags/dag_diabetes.py for tasks to queue
[2025-05-21 07:47:56,035] {{logging_mixin.py:112}} INFO - [2025-05-21 07:47:56,034] {{dagbag.py:403}} INFO - Filling up the DagBag from /usr/local/airflow/dags/dag_diabetes.py
[2025-05-21 07:47:56,044] {{scheduler_job.py:1572}} INFO - DAG(s) dict_keys(['dag_diabetes_prediction']) retrieved from /usr/local/airflow/dags/dag_diabetes.py
[2025-05-21 07:47:56,067] {{scheduler_job.py:161}} INFO - Processing /usr/local/airflow/dags/dag_diabetes.py took 0.038 seconds
[2025-05-21 07:48:44,073] {{scheduler_job.py:153}} INFO - Started process (PID=202) to work on /usr/local/airflow/dags/dag_diabetes.py
[2025-05-21 07:48:44,076] {{scheduler_job.py:1560}} INFO - Processing file /usr/local/airflow/dags/dag_diabetes.py for tasks to queue
[2025-05-21 07:48:44,077] {{logging_mixin.py:112}} INFO - [2025-05-21 07:48:44,077] {{dagbag.py:403}} INFO - Filling up the DagBag from /usr/local/airflow/dags/dag_diabetes.py
[2025-05-21 07:48:44,086] {{scheduler_job.py:1572}} INFO - DAG(s) dict_keys(['dag_diabetes_prediction']) retrieved from /usr/local/airflow/dags/dag_diabetes.py
[2025-05-21 07:48:44,107] {{scheduler_job.py:161}} INFO - Processing /usr/local/airflow/dags/dag_diabetes.py took 0.034 seconds
[2025-05-21 07:49:32,119] {{scheduler_job.py:153}} INFO - Started process (PID=234) to work on /usr/local/airflow/dags/dag_diabetes.py
[2025-05-21 07:49:32,122] {{scheduler_job.py:1560}} INFO - Processing file /usr/local/airflow/dags/dag_diabetes.py for tasks to queue
[2025-05-21 07:49:32,123] {{logging_mixin.py:112}} INFO - [2025-05-21 07:49:32,123] {{dagbag.py:403}} INFO - Filling up the DagBag from /usr/local/airflow/dags/dag_diabetes.py
[2025-05-21 07:49:32,133] {{scheduler_job.py:1572}} INFO - DAG(s) dict_keys(['dag_diabetes_prediction']) retrieved from /usr/local/airflow/dags/dag_diabetes.py
[2025-05-21 07:49:32,157] {{scheduler_job.py:161}} INFO - Processing /usr/local/airflow/dags/dag_diabetes.py took 0.038 seconds
[2025-05-21 07:50:20,179] {{scheduler_job.py:153}} INFO - Started process (PID=262) to work on /usr/local/airflow/dags/dag_diabetes.py
[2025-05-21 07:50:20,195] {{scheduler_job.py:1560}} INFO - Processing file /usr/local/airflow/dags/dag_diabetes.py for tasks to queue
[2025-05-21 07:50:20,201] {{logging_mixin.py:112}} INFO - [2025-05-21 07:50:20,200] {{dagbag.py:403}} INFO - Filling up the DagBag from /usr/local/airflow/dags/dag_diabetes.py
[2025-05-21 07:50:20,226] {{scheduler_job.py:1572}} INFO - DAG(s) dict_keys(['dag_diabetes_prediction']) retrieved from /usr/local/airflow/dags/dag_diabetes.py
[2025-05-21 07:50:20,291] {{scheduler_job.py:161}} INFO - Processing /usr/local/airflow/dags/dag_diabetes.py took 0.112 seconds
[2025-05-21 07:51:08,261] {{scheduler_job.py:153}} INFO - Started process (PID=294) to work on /usr/local/airflow/dags/dag_diabetes.py
[2025-05-21 07:51:08,280] {{scheduler_job.py:1560}} INFO - Processing file /usr/local/airflow/dags/dag_diabetes.py for tasks to queue
[2025-05-21 07:51:08,281] {{logging_mixin.py:112}} INFO - [2025-05-21 07:51:08,281] {{dagbag.py:403}} INFO - Filling up the DagBag from /usr/local/airflow/dags/dag_diabetes.py
[2025-05-21 07:51:08,318] {{scheduler_job.py:1572}} INFO - DAG(s) dict_keys(['dag_diabetes_prediction']) retrieved from /usr/local/airflow/dags/dag_diabetes.py
[2025-05-21 07:51:08,414] {{scheduler_job.py:161}} INFO - Processing /usr/local/airflow/dags/dag_diabetes.py took 0.154 seconds
[2025-05-21 07:51:56,274] {{scheduler_job.py:153}} INFO - Started process (PID=322) to work on /usr/local/airflow/dags/dag_diabetes.py
[2025-05-21 07:51:56,278] {{scheduler_job.py:1560}} INFO - Processing file /usr/local/airflow/dags/dag_diabetes.py for tasks to queue
[2025-05-21 07:51:56,279] {{logging_mixin.py:112}} INFO - [2025-05-21 07:51:56,279] {{dagbag.py:403}} INFO - Filling up the DagBag from /usr/local/airflow/dags/dag_diabetes.py
[2025-05-21 07:51:56,294] {{scheduler_job.py:1572}} INFO - DAG(s) dict_keys(['dag_diabetes_prediction']) retrieved from /usr/local/airflow/dags/dag_diabetes.py
[2025-05-21 07:51:56,317] {{scheduler_job.py:161}} INFO - Processing /usr/local/airflow/dags/dag_diabetes.py took 0.043 seconds
[2025-05-21 07:52:44,315] {{scheduler_job.py:153}} INFO - Started process (PID=354) to work on /usr/local/airflow/dags/dag_diabetes.py
[2025-05-21 07:52:44,319] {{scheduler_job.py:1560}} INFO - Processing file /usr/local/airflow/dags/dag_diabetes.py for tasks to queue
[2025-05-21 07:52:44,319] {{logging_mixin.py:112}} INFO - [2025-05-21 07:52:44,319] {{dagbag.py:403}} INFO - Filling up the DagBag from /usr/local/airflow/dags/dag_diabetes.py
[2025-05-21 07:52:44,329] {{scheduler_job.py:1572}} INFO - DAG(s) dict_keys(['dag_diabetes_prediction']) retrieved from /usr/local/airflow/dags/dag_diabetes.py
[2025-05-21 07:52:44,352] {{scheduler_job.py:161}} INFO - Processing /usr/local/airflow/dags/dag_diabetes.py took 0.037 seconds
[2025-05-21 07:53:32,364] {{scheduler_job.py:153}} INFO - Started process (PID=382) to work on /usr/local/airflow/dags/dag_diabetes.py
[2025-05-21 07:53:32,368] {{scheduler_job.py:1560}} INFO - Processing file /usr/local/airflow/dags/dag_diabetes.py for tasks to queue
[2025-05-21 07:53:32,368] {{logging_mixin.py:112}} INFO - [2025-05-21 07:53:32,368] {{dagbag.py:403}} INFO - Filling up the DagBag from /usr/local/airflow/dags/dag_diabetes.py
[2025-05-21 07:53:32,378] {{scheduler_job.py:1572}} INFO - DAG(s) dict_keys(['dag_diabetes_prediction']) retrieved from /usr/local/airflow/dags/dag_diabetes.py
[2025-05-21 07:53:32,401] {{scheduler_job.py:161}} INFO - Processing /usr/local/airflow/dags/dag_diabetes.py took 0.037 seconds
[2025-05-21 07:54:20,403] {{scheduler_job.py:153}} INFO - Started process (PID=414) to work on /usr/local/airflow/dags/dag_diabetes.py
[2025-05-21 07:54:20,406] {{scheduler_job.py:1560}} INFO - Processing file /usr/local/airflow/dags/dag_diabetes.py for tasks to queue
[2025-05-21 07:54:20,407] {{logging_mixin.py:112}} INFO - [2025-05-21 07:54:20,407] {{dagbag.py:403}} INFO - Filling up the DagBag from /usr/local/airflow/dags/dag_diabetes.py
[2025-05-21 07:54:20,418] {{scheduler_job.py:1572}} INFO - DAG(s) dict_keys(['dag_diabetes_prediction']) retrieved from /usr/local/airflow/dags/dag_diabetes.py
[2025-05-21 07:54:20,445] {{scheduler_job.py:161}} INFO - Processing /usr/local/airflow/dags/dag_diabetes.py took 0.043 seconds
[2025-05-21 07:55:08,464] {{scheduler_job.py:153}} INFO - Started process (PID=442) to work on /usr/local/airflow/dags/dag_diabetes.py
[2025-05-21 07:55:08,471] {{scheduler_job.py:1560}} INFO - Processing file /usr/local/airflow/dags/dag_diabetes.py for tasks to queue
[2025-05-21 07:55:08,476] {{logging_mixin.py:112}} INFO - [2025-05-21 07:55:08,475] {{dagbag.py:403}} INFO - Filling up the DagBag from /usr/local/airflow/dags/dag_diabetes.py
[2025-05-21 07:55:08,505] {{scheduler_job.py:1572}} INFO - DAG(s) dict_keys(['dag_diabetes_prediction']) retrieved from /usr/local/airflow/dags/dag_diabetes.py
[2025-05-21 07:55:08,591] {{scheduler_job.py:161}} INFO - Processing /usr/local/airflow/dags/dag_diabetes.py took 0.128 seconds
[2025-05-21 07:58:39,796] {{scheduler_job.py:153}} INFO - Started process (PID=29) to work on /usr/local/airflow/dags/dag_diabetes.py
[2025-05-21 07:58:39,834] {{scheduler_job.py:1560}} INFO - Processing file /usr/local/airflow/dags/dag_diabetes.py for tasks to queue
[2025-05-21 07:58:39,841] {{logging_mixin.py:112}} INFO - [2025-05-21 07:58:39,841] {{dagbag.py:403}} INFO - Filling up the DagBag from /usr/local/airflow/dags/dag_diabetes.py
[2025-05-21 07:58:39,936] {{scheduler_job.py:1572}} INFO - DAG(s) dict_keys(['dag_diabetes_prediction']) retrieved from /usr/local/airflow/dags/dag_diabetes.py
[2025-05-21 07:58:40,075] {{scheduler_job.py:161}} INFO - Processing /usr/local/airflow/dags/dag_diabetes.py took 0.279 seconds
[2025-05-21 07:59:27,788] {{scheduler_job.py:153}} INFO - Started process (PID=75) to work on /usr/local/airflow/dags/dag_diabetes.py
[2025-05-21 07:59:27,791] {{scheduler_job.py:1560}} INFO - Processing file /usr/local/airflow/dags/dag_diabetes.py for tasks to queue
[2025-05-21 07:59:27,792] {{logging_mixin.py:112}} INFO - [2025-05-21 07:59:27,792] {{dagbag.py:403}} INFO - Filling up the DagBag from /usr/local/airflow/dags/dag_diabetes.py
[2025-05-21 07:59:27,803] {{scheduler_job.py:1572}} INFO - DAG(s) dict_keys(['dag_diabetes_prediction']) retrieved from /usr/local/airflow/dags/dag_diabetes.py
[2025-05-21 07:59:27,829] {{scheduler_job.py:161}} INFO - Processing /usr/local/airflow/dags/dag_diabetes.py took 0.042 seconds
[2025-05-21 08:00:15,821] {{scheduler_job.py:153}} INFO - Started process (PID=103) to work on /usr/local/airflow/dags/dag_diabetes.py
[2025-05-21 08:00:15,824] {{scheduler_job.py:1560}} INFO - Processing file /usr/local/airflow/dags/dag_diabetes.py for tasks to queue
[2025-05-21 08:00:15,825] {{logging_mixin.py:112}} INFO - [2025-05-21 08:00:15,824] {{dagbag.py:403}} INFO - Filling up the DagBag from /usr/local/airflow/dags/dag_diabetes.py
[2025-05-21 08:00:15,836] {{scheduler_job.py:1572}} INFO - DAG(s) dict_keys(['dag_diabetes_prediction']) retrieved from /usr/local/airflow/dags/dag_diabetes.py
[2025-05-21 08:00:15,861] {{scheduler_job.py:161}} INFO - Processing /usr/local/airflow/dags/dag_diabetes.py took 0.041 seconds
[2025-05-21 08:01:03,871] {{scheduler_job.py:153}} INFO - Started process (PID=135) to work on /usr/local/airflow/dags/dag_diabetes.py
[2025-05-21 08:01:03,879] {{scheduler_job.py:1560}} INFO - Processing file /usr/local/airflow/dags/dag_diabetes.py for tasks to queue
[2025-05-21 08:01:03,882] {{logging_mixin.py:112}} INFO - [2025-05-21 08:01:03,881] {{dagbag.py:403}} INFO - Filling up the DagBag from /usr/local/airflow/dags/dag_diabetes.py
[2025-05-21 08:01:03,902] {{scheduler_job.py:1572}} INFO - DAG(s) dict_keys(['dag_diabetes_prediction']) retrieved from /usr/local/airflow/dags/dag_diabetes.py
[2025-05-21 08:01:03,961] {{scheduler_job.py:161}} INFO - Processing /usr/local/airflow/dags/dag_diabetes.py took 0.089 seconds
[2025-05-21 08:01:51,912] {{scheduler_job.py:153}} INFO - Started process (PID=163) to work on /usr/local/airflow/dags/dag_diabetes.py
[2025-05-21 08:01:51,918] {{scheduler_job.py:1560}} INFO - Processing file /usr/local/airflow/dags/dag_diabetes.py for tasks to queue
[2025-05-21 08:01:51,919] {{logging_mixin.py:112}} INFO - [2025-05-21 08:01:51,919] {{dagbag.py:403}} INFO - Filling up the DagBag from /usr/local/airflow/dags/dag_diabetes.py
[2025-05-21 08:01:51,934] {{scheduler_job.py:1572}} INFO - DAG(s) dict_keys(['dag_diabetes_prediction']) retrieved from /usr/local/airflow/dags/dag_diabetes.py
[2025-05-21 08:01:52,017] {{scheduler_job.py:161}} INFO - Processing /usr/local/airflow/dags/dag_diabetes.py took 0.106 seconds
[2025-05-21 08:02:39,962] {{scheduler_job.py:153}} INFO - Started process (PID=195) to work on /usr/local/airflow/dags/dag_diabetes.py
[2025-05-21 08:02:39,966] {{scheduler_job.py:1560}} INFO - Processing file /usr/local/airflow/dags/dag_diabetes.py for tasks to queue
[2025-05-21 08:02:39,966] {{logging_mixin.py:112}} INFO - [2025-05-21 08:02:39,966] {{dagbag.py:403}} INFO - Filling up the DagBag from /usr/local/airflow/dags/dag_diabetes.py
[2025-05-21 08:02:39,983] {{scheduler_job.py:1572}} INFO - DAG(s) dict_keys(['dag_diabetes_prediction']) retrieved from /usr/local/airflow/dags/dag_diabetes.py
[2025-05-21 08:02:40,027] {{scheduler_job.py:161}} INFO - Processing /usr/local/airflow/dags/dag_diabetes.py took 0.065 seconds
[2025-05-21 08:03:28,011] {{scheduler_job.py:153}} INFO - Started process (PID=223) to work on /usr/local/airflow/dags/dag_diabetes.py
[2025-05-21 08:03:28,015] {{scheduler_job.py:1560}} INFO - Processing file /usr/local/airflow/dags/dag_diabetes.py for tasks to queue
[2025-05-21 08:03:28,015] {{logging_mixin.py:112}} INFO - [2025-05-21 08:03:28,015] {{dagbag.py:403}} INFO - Filling up the DagBag from /usr/local/airflow/dags/dag_diabetes.py
[2025-05-21 08:03:28,026] {{scheduler_job.py:1572}} INFO - DAG(s) dict_keys(['dag_diabetes_prediction']) retrieved from /usr/local/airflow/dags/dag_diabetes.py
[2025-05-21 08:03:28,050] {{scheduler_job.py:161}} INFO - Processing /usr/local/airflow/dags/dag_diabetes.py took 0.040 seconds
[2025-05-21 08:04:16,045] {{scheduler_job.py:153}} INFO - Started process (PID=255) to work on /usr/local/airflow/dags/dag_diabetes.py
[2025-05-21 08:04:16,048] {{scheduler_job.py:1560}} INFO - Processing file /usr/local/airflow/dags/dag_diabetes.py for tasks to queue
[2025-05-21 08:04:16,049] {{logging_mixin.py:112}} INFO - [2025-05-21 08:04:16,049] {{dagbag.py:403}} INFO - Filling up the DagBag from /usr/local/airflow/dags/dag_diabetes.py
[2025-05-21 08:04:16,061] {{scheduler_job.py:1572}} INFO - DAG(s) dict_keys(['dag_diabetes_prediction']) retrieved from /usr/local/airflow/dags/dag_diabetes.py
[2025-05-21 08:04:16,088] {{scheduler_job.py:161}} INFO - Processing /usr/local/airflow/dags/dag_diabetes.py took 0.044 seconds
[2025-05-21 08:05:04,088] {{scheduler_job.py:153}} INFO - Started process (PID=283) to work on /usr/local/airflow/dags/dag_diabetes.py
[2025-05-21 08:05:04,093] {{scheduler_job.py:1560}} INFO - Processing file /usr/local/airflow/dags/dag_diabetes.py for tasks to queue
[2025-05-21 08:05:04,093] {{logging_mixin.py:112}} INFO - [2025-05-21 08:05:04,093] {{dagbag.py:403}} INFO - Filling up the DagBag from /usr/local/airflow/dags/dag_diabetes.py
[2025-05-21 08:05:04,110] {{scheduler_job.py:1572}} INFO - DAG(s) dict_keys(['dag_diabetes_prediction']) retrieved from /usr/local/airflow/dags/dag_diabetes.py
[2025-05-21 08:05:04,177] {{scheduler_job.py:161}} INFO - Processing /usr/local/airflow/dags/dag_diabetes.py took 0.087 seconds
[2025-05-21 08:05:52,142] {{scheduler_job.py:153}} INFO - Started process (PID=315) to work on /usr/local/airflow/dags/dag_diabetes.py
[2025-05-21 08:05:52,149] {{scheduler_job.py:1560}} INFO - Processing file /usr/local/airflow/dags/dag_diabetes.py for tasks to queue
[2025-05-21 08:05:52,149] {{logging_mixin.py:112}} INFO - [2025-05-21 08:05:52,149] {{dagbag.py:403}} INFO - Filling up the DagBag from /usr/local/airflow/dags/dag_diabetes.py
[2025-05-21 08:05:52,174] {{scheduler_job.py:1572}} INFO - DAG(s) dict_keys(['dag_diabetes_prediction']) retrieved from /usr/local/airflow/dags/dag_diabetes.py
[2025-05-21 08:05:52,213] {{scheduler_job.py:161}} INFO - Processing /usr/local/airflow/dags/dag_diabetes.py took 0.071 seconds
[2025-05-21 08:06:40,174] {{scheduler_job.py:153}} INFO - Started process (PID=343) to work on /usr/local/airflow/dags/dag_diabetes.py
[2025-05-21 08:06:40,180] {{scheduler_job.py:1560}} INFO - Processing file /usr/local/airflow/dags/dag_diabetes.py for tasks to queue
[2025-05-21 08:06:40,182] {{logging_mixin.py:112}} INFO - [2025-05-21 08:06:40,181] {{dagbag.py:403}} INFO - Filling up the DagBag from /usr/local/airflow/dags/dag_diabetes.py
[2025-05-21 08:06:40,197] {{scheduler_job.py:1572}} INFO - DAG(s) dict_keys(['dag_diabetes_prediction']) retrieved from /usr/local/airflow/dags/dag_diabetes.py
[2025-05-21 08:06:40,237] {{scheduler_job.py:161}} INFO - Processing /usr/local/airflow/dags/dag_diabetes.py took 0.062 seconds
[2025-05-21 08:07:28,203] {{scheduler_job.py:153}} INFO - Started process (PID=375) to work on /usr/local/airflow/dags/dag_diabetes.py
[2025-05-21 08:07:28,206] {{scheduler_job.py:1560}} INFO - Processing file /usr/local/airflow/dags/dag_diabetes.py for tasks to queue
[2025-05-21 08:07:28,207] {{logging_mixin.py:112}} INFO - [2025-05-21 08:07:28,207] {{dagbag.py:403}} INFO - Filling up the DagBag from /usr/local/airflow/dags/dag_diabetes.py
[2025-05-21 08:07:28,218] {{scheduler_job.py:1572}} INFO - DAG(s) dict_keys(['dag_diabetes_prediction']) retrieved from /usr/local/airflow/dags/dag_diabetes.py
[2025-05-21 08:07:28,244] {{scheduler_job.py:161}} INFO - Processing /usr/local/airflow/dags/dag_diabetes.py took 0.040 seconds
[2025-05-21 08:08:16,249] {{scheduler_job.py:153}} INFO - Started process (PID=403) to work on /usr/local/airflow/dags/dag_diabetes.py
[2025-05-21 08:08:16,252] {{scheduler_job.py:1560}} INFO - Processing file /usr/local/airflow/dags/dag_diabetes.py for tasks to queue
[2025-05-21 08:08:16,252] {{logging_mixin.py:112}} INFO - [2025-05-21 08:08:16,252] {{dagbag.py:403}} INFO - Filling up the DagBag from /usr/local/airflow/dags/dag_diabetes.py
[2025-05-21 08:08:16,265] {{scheduler_job.py:1572}} INFO - DAG(s) dict_keys(['dag_diabetes_prediction']) retrieved from /usr/local/airflow/dags/dag_diabetes.py
[2025-05-21 08:08:16,315] {{scheduler_job.py:161}} INFO - Processing /usr/local/airflow/dags/dag_diabetes.py took 0.067 seconds
[2025-05-21 08:10:21,877] {{scheduler_job.py:153}} INFO - Started process (PID=59) to work on /usr/local/airflow/dags/dag_diabetes.py
[2025-05-21 08:10:21,881] {{scheduler_job.py:1560}} INFO - Processing file /usr/local/airflow/dags/dag_diabetes.py for tasks to queue
[2025-05-21 08:10:21,882] {{logging_mixin.py:112}} INFO - [2025-05-21 08:10:21,882] {{dagbag.py:403}} INFO - Filling up the DagBag from /usr/local/airflow/dags/dag_diabetes.py
[2025-05-21 08:10:21,894] {{scheduler_job.py:1572}} INFO - DAG(s) dict_keys(['dag_diabetes_prediction']) retrieved from /usr/local/airflow/dags/dag_diabetes.py
[2025-05-21 08:10:21,916] {{scheduler_job.py:161}} INFO - Processing /usr/local/airflow/dags/dag_diabetes.py took 0.039 seconds
[2025-05-21 08:11:09,936] {{scheduler_job.py:153}} INFO - Started process (PID=91) to work on /usr/local/airflow/dags/dag_diabetes.py
[2025-05-21 08:11:09,944] {{scheduler_job.py:1560}} INFO - Processing file /usr/local/airflow/dags/dag_diabetes.py for tasks to queue
[2025-05-21 08:11:09,946] {{logging_mixin.py:112}} INFO - [2025-05-21 08:11:09,946] {{dagbag.py:403}} INFO - Filling up the DagBag from /usr/local/airflow/dags/dag_diabetes.py
[2025-05-21 08:11:09,965] {{scheduler_job.py:1572}} INFO - DAG(s) dict_keys(['dag_diabetes_prediction']) retrieved from /usr/local/airflow/dags/dag_diabetes.py
[2025-05-21 08:11:10,026] {{scheduler_job.py:161}} INFO - Processing /usr/local/airflow/dags/dag_diabetes.py took 0.090 seconds
[2025-05-21 08:11:57,972] {{scheduler_job.py:153}} INFO - Started process (PID=119) to work on /usr/local/airflow/dags/dag_diabetes.py
[2025-05-21 08:11:57,978] {{scheduler_job.py:1560}} INFO - Processing file /usr/local/airflow/dags/dag_diabetes.py for tasks to queue
[2025-05-21 08:11:57,979] {{logging_mixin.py:112}} INFO - [2025-05-21 08:11:57,979] {{dagbag.py:403}} INFO - Filling up the DagBag from /usr/local/airflow/dags/dag_diabetes.py
[2025-05-21 08:11:57,996] {{scheduler_job.py:1572}} INFO - DAG(s) dict_keys(['dag_diabetes_prediction']) retrieved from /usr/local/airflow/dags/dag_diabetes.py
[2025-05-21 08:11:58,055] {{scheduler_job.py:1282}} INFO - Processing dag_diabetes_prediction
[2025-05-21 08:11:58,144] {{scheduler_job.py:1292}} INFO - Created <DagRun dag_diabetes_prediction @ 2025-05-20 00:00:00+00:00: scheduled__2025-05-20T00:00:00+00:00, externally triggered: False>
[2025-05-21 08:11:58,149] {{scheduler_job.py:757}} INFO - Examining DAG run <DagRun dag_diabetes_prediction @ 2025-05-20 00:00:00+00:00: scheduled__2025-05-20T00:00:00+00:00, externally triggered: False>
[2025-05-21 08:11:58,215] {{scheduler_job.py:446}} INFO - Skipping SLA check for <DAG: dag_diabetes_prediction> because no tasks in DAG have SLAs
[2025-05-21 08:11:58,222] {{scheduler_job.py:1634}} INFO - Creating / updating <TaskInstance: dag_diabetes_prediction.check_directories 2025-05-20 00:00:00+00:00 [scheduled]> in ORM
[2025-05-21 08:11:58,262] {{scheduler_job.py:161}} INFO - Processing /usr/local/airflow/dags/dag_diabetes.py took 0.289 seconds
[2025-05-21 08:12:57,373] {{scheduler_job.py:153}} INFO - Started process (PID=160) to work on /usr/local/airflow/dags/dag_diabetes.py
[2025-05-21 08:12:57,419] {{scheduler_job.py:1560}} INFO - Processing file /usr/local/airflow/dags/dag_diabetes.py for tasks to queue
[2025-05-21 08:12:57,431] {{logging_mixin.py:112}} INFO - [2025-05-21 08:12:57,427] {{dagbag.py:403}} INFO - Filling up the DagBag from /usr/local/airflow/dags/dag_diabetes.py
[2025-05-21 08:12:57,641] {{scheduler_job.py:1572}} INFO - DAG(s) dict_keys(['dag_diabetes_prediction']) retrieved from /usr/local/airflow/dags/dag_diabetes.py
[2025-05-21 08:12:58,177] {{scheduler_job.py:1282}} INFO - Processing dag_diabetes_prediction
[2025-05-21 08:12:58,360] {{scheduler_job.py:757}} INFO - Examining DAG run <DagRun dag_diabetes_prediction @ 2025-05-20 00:00:00+00:00: scheduled__2025-05-20T00:00:00+00:00, externally triggered: False>
[2025-05-21 08:12:59,261] {{scheduler_job.py:446}} INFO - Skipping SLA check for <DAG: dag_diabetes_prediction> because no tasks in DAG have SLAs
[2025-05-21 08:12:59,292] {{scheduler_job.py:1634}} INFO - Creating / updating <TaskInstance: dag_diabetes_prediction.ingest_data 2025-05-20 00:00:00+00:00 [scheduled]> in ORM
[2025-05-21 08:12:59,403] {{scheduler_job.py:161}} INFO - Processing /usr/local/airflow/dags/dag_diabetes.py took 2.031 seconds
[2025-05-21 08:14:08,792] {{scheduler_job.py:153}} INFO - Started process (PID=199) to work on /usr/local/airflow/dags/dag_diabetes.py
[2025-05-21 08:14:08,805] {{scheduler_job.py:1560}} INFO - Processing file /usr/local/airflow/dags/dag_diabetes.py for tasks to queue
[2025-05-21 08:14:08,809] {{logging_mixin.py:112}} INFO - [2025-05-21 08:14:08,806] {{dagbag.py:403}} INFO - Filling up the DagBag from /usr/local/airflow/dags/dag_diabetes.py
[2025-05-21 08:14:08,861] {{scheduler_job.py:1572}} INFO - DAG(s) dict_keys(['dag_diabetes_prediction']) retrieved from /usr/local/airflow/dags/dag_diabetes.py
[2025-05-21 08:14:08,992] {{scheduler_job.py:1282}} INFO - Processing dag_diabetes_prediction
[2025-05-21 08:14:09,023] {{scheduler_job.py:757}} INFO - Examining DAG run <DagRun dag_diabetes_prediction @ 2025-05-20 00:00:00+00:00: scheduled__2025-05-20T00:00:00+00:00, externally triggered: False>
[2025-05-21 08:14:09,227] {{scheduler_job.py:446}} INFO - Skipping SLA check for <DAG: dag_diabetes_prediction> because no tasks in DAG have SLAs
[2025-05-21 08:14:09,239] {{scheduler_job.py:161}} INFO - Processing /usr/local/airflow/dags/dag_diabetes.py took 0.447 seconds
[2025-05-21 08:14:56,859] {{scheduler_job.py:153}} INFO - Started process (PID=227) to work on /usr/local/airflow/dags/dag_diabetes.py
[2025-05-21 08:14:56,875] {{scheduler_job.py:1560}} INFO - Processing file /usr/local/airflow/dags/dag_diabetes.py for tasks to queue
[2025-05-21 08:14:56,878] {{logging_mixin.py:112}} INFO - [2025-05-21 08:14:56,878] {{dagbag.py:403}} INFO - Filling up the DagBag from /usr/local/airflow/dags/dag_diabetes.py
[2025-05-21 08:14:56,947] {{scheduler_job.py:1572}} INFO - DAG(s) dict_keys(['dag_diabetes_prediction']) retrieved from /usr/local/airflow/dags/dag_diabetes.py
[2025-05-21 08:14:57,089] {{scheduler_job.py:1282}} INFO - Processing dag_diabetes_prediction
[2025-05-21 08:14:57,146] {{scheduler_job.py:757}} INFO - Examining DAG run <DagRun dag_diabetes_prediction @ 2025-05-20 00:00:00+00:00: scheduled__2025-05-20T00:00:00+00:00, externally triggered: False>
[2025-05-21 08:14:57,364] {{scheduler_job.py:446}} INFO - Skipping SLA check for <DAG: dag_diabetes_prediction> because no tasks in DAG have SLAs
[2025-05-21 08:14:57,387] {{scheduler_job.py:161}} INFO - Processing /usr/local/airflow/dags/dag_diabetes.py took 0.529 seconds
[2025-05-21 08:15:44,984] {{scheduler_job.py:153}} INFO - Started process (PID=251) to work on /usr/local/airflow/dags/dag_diabetes.py
[2025-05-21 08:15:45,005] {{scheduler_job.py:1560}} INFO - Processing file /usr/local/airflow/dags/dag_diabetes.py for tasks to queue
[2025-05-21 08:15:45,009] {{logging_mixin.py:112}} INFO - [2025-05-21 08:15:45,008] {{dagbag.py:403}} INFO - Filling up the DagBag from /usr/local/airflow/dags/dag_diabetes.py
[2025-05-21 08:15:45,081] {{scheduler_job.py:1572}} INFO - DAG(s) dict_keys(['dag_diabetes_prediction']) retrieved from /usr/local/airflow/dags/dag_diabetes.py
[2025-05-21 08:15:45,306] {{scheduler_job.py:1282}} INFO - Processing dag_diabetes_prediction
[2025-05-21 08:15:45,371] {{scheduler_job.py:757}} INFO - Examining DAG run <DagRun dag_diabetes_prediction @ 2025-05-20 00:00:00+00:00: scheduled__2025-05-20T00:00:00+00:00, externally triggered: False>
[2025-05-21 08:15:45,813] {{scheduler_job.py:446}} INFO - Skipping SLA check for <DAG: dag_diabetes_prediction> because no tasks in DAG have SLAs
[2025-05-21 08:15:45,832] {{scheduler_job.py:161}} INFO - Processing /usr/local/airflow/dags/dag_diabetes.py took 0.848 seconds
[2025-05-21 08:16:33,078] {{scheduler_job.py:153}} INFO - Started process (PID=279) to work on /usr/local/airflow/dags/dag_diabetes.py
[2025-05-21 08:16:33,098] {{scheduler_job.py:1560}} INFO - Processing file /usr/local/airflow/dags/dag_diabetes.py for tasks to queue
[2025-05-21 08:16:33,108] {{logging_mixin.py:112}} INFO - [2025-05-21 08:16:33,107] {{dagbag.py:403}} INFO - Filling up the DagBag from /usr/local/airflow/dags/dag_diabetes.py
[2025-05-21 08:16:33,242] {{scheduler_job.py:1572}} INFO - DAG(s) dict_keys(['dag_diabetes_prediction']) retrieved from /usr/local/airflow/dags/dag_diabetes.py
[2025-05-21 08:16:33,481] {{scheduler_job.py:1282}} INFO - Processing dag_diabetes_prediction
[2025-05-21 08:16:33,552] {{scheduler_job.py:757}} INFO - Examining DAG run <DagRun dag_diabetes_prediction @ 2025-05-20 00:00:00+00:00: scheduled__2025-05-20T00:00:00+00:00, externally triggered: False>
[2025-05-21 08:16:33,989] {{scheduler_job.py:446}} INFO - Skipping SLA check for <DAG: dag_diabetes_prediction> because no tasks in DAG have SLAs
[2025-05-21 08:16:34,023] {{scheduler_job.py:161}} INFO - Processing /usr/local/airflow/dags/dag_diabetes.py took 0.946 seconds
